<?xml version="1.0" encoding="UTF-8"?>
<!-- Generated by org.testng.reporters.JUnitReportReporter -->
<testsuite hostname="DESKTOP-F8VVTHA" failures="0" tests="1" name="testClasses.VerifyUserCanLogin" time="5.023" errors="0" timestamp="2022-07-28T12:41:06 IST" skipped="0">
  <testcase classname="testClasses.VerifyUserCanLogin" name="verifyUserCanLogin" time="5.023"/>
  <system-out/>
</testsuite> <!-- testClasses.VerifyUserCanLogin -->
